<?xml version="1.0" encoding="UTF-8"?>
<!-- Generated by org.testng.reporters.JUnitReportReporter -->
<testsuite hostname="LAP0011-Praveen" failures="0" tests="1" name="org.lotto.testscripts.User_Login" time="475.289" errors="0" timestamp="2023-09-29T13:01:29 IST" skipped="0">
  <testcase classname="org.lotto.testscripts.User_Login" name="userLogin" time="475.289"/>
</testsuite> <!-- org.lotto.testscripts.User_Login -->
