<?xml version="1.0" encoding="UTF-8"?>
<!-- Generated by org.testng.reporters.JUnitReportReporter -->
<testsuite hostname="LAP0011-Praveen" failures="0" tests="1" name="org.lotto.testscripts.ForgotPassword" time="35.735" errors="0" timestamp="2023-09-18T15:20:41 IST" skipped="0">
  <testcase classname="org.lotto.testscripts.ForgotPassword" name="forgotPassword" time="35.735"/>
</testsuite> <!-- org.lotto.testscripts.ForgotPassword -->
