<?xml version="1.0" encoding="UTF-8"?>
<!-- Generated by org.testng.reporters.JUnitReportReporter -->
<testsuite hostname="LAP0011-Praveen" failures="0" tests="1" name="org.lotto.testscripts.Instant_Jackpot_Game" time="68.170" errors="0" timestamp="2023-09-07T18:25:29 IST" skipped="0">
  <testcase classname="org.lotto.testscripts.Instant_Jackpot_Game" name="instant_Jackpot_Game" time="68.170"/>
</testsuite> <!-- org.lotto.testscripts.Instant_Jackpot_Game -->
