<?xml version="1.0" encoding="UTF-8"?>
<!-- Generated by org.testng.reporters.JUnitReportReporter -->
<testsuite hostname="LAP0011-Praveen" failures="0" tests="1" name="org.lotto.testscripts.User_Signupwith_Gmail" time="241.563" errors="0" timestamp="2023-09-29T15:13:31 IST" skipped="0">
  <testcase classname="org.lotto.testscripts.User_Signupwith_Gmail" name="user_signupwithgmail" time="241.563"/>
</testsuite> <!-- org.lotto.testscripts.User_Signupwith_Gmail -->
