<?xml version="1.0" encoding="UTF-8"?>
<!-- Generated by org.testng.reporters.JUnitReportReporter -->
<testsuite hostname="LAP0011-Praveen" failures="0" tests="1" name="org.lotto.testscripts.Add_N_Edit_ProfilePicture" time="65.968" errors="0" timestamp="2023-09-28T18:20:38 IST" skipped="0">
  <testcase classname="org.lotto.testscripts.Add_N_Edit_ProfilePicture" name="addNeditpfp" time="65.968"/>
</testsuite> <!-- org.lotto.testscripts.Add_N_Edit_ProfilePicture -->
